2022-06-21 15:00:28,277 Started execution. Fetching data now ...
2022-06-21 15:00:28,281 Encountered error. Please check.
2022-06-21 15:00:28,281 [Errno 2] No such file or directory: 'Data/heart.csv'
2022-06-21 15:01:00,426 Started execution. Fetching data now ...
2022-06-21 15:01:00,450 Data fetched. Applying pre-processing now ...
2022-06-21 15:01:00,466 Pre-processing is completed. Loading trained model now ...
2022-06-21 15:01:00,634 Trained model is loaded. Executing trained model on inference data ...
2022-06-21 15:01:00,650 Execution is complete.
2022-07-03 14:04:07,785 Started execution. Fetching data now ...
2022-07-03 14:04:07,801 Data fetched. Applying pre-processing now ...
2022-07-03 14:04:07,850 Pre-processing is completed. Loading trained model now ...
2022-07-03 14:04:08,061 Trained model is loaded. Executing trained model on inference data ...
2022-07-03 14:04:08,077 Execution is complete.
2022-07-04 19:36:21,404 Started execution. Fetching data now ...
2022-07-04 19:36:21,413 Data fetched. Applying pre-processing now ...
2022-07-04 19:36:21,424 Pre-processing is completed. Loading trained model now ...
2022-07-04 19:36:21,634 Trained model is loaded. Executing trained model on inference data ...
2022-07-04 19:36:21,648 Execution is complete.
2022-07-04 19:39:06,750 Started execution. Fetching data now ...
2022-07-04 19:39:06,760 Data fetched. Applying pre-processing now ...
2022-07-04 19:39:06,773 Pre-processing is completed. Loading trained model now ...
2022-07-04 19:39:06,988 Trained model is loaded. Executing trained model on inference data ...
2022-07-04 19:39:07,004 Execution is complete.
2022-07-04 19:41:07,090 Started execution. Fetching data now ...
2022-07-04 19:41:07,091 Encountered error. Please check.
2022-07-04 19:41:07,091 [Errno 2] No such file or directory: 'Data/inference_heart_disease.csv'
